Flow report for TFT_Oscillo
Wed Nov 27 16:43:52 2019
Quartus Prime Version 18.1.0 Build 625 09/12/2018 SJ Standard Edition


---------------------
; Table of Contents ;
---------------------
  1. Legal Notice
  2. Flow Summary
  3. Flow Settings
  4. Flow Non-Default Global Settings
  5. Flow Elapsed Time
  6. Flow OS Summary
  7. Flow Log
  8. Flow Messages
  9. Flow Suppressed Messages



----------------
; Legal Notice ;
----------------
Copyright (C) 2018  Intel Corporation. All rights reserved.
Your use of Intel Corporation's design tools, logic functions 
and other software and tools, and its AMPP partner logic 
functions, and any output files from any of the foregoing 
(including device programming or simulation files), and any 
associated documentation or information are expressly subject 
to the terms and conditions of the Intel Program License 
Subscription Agreement, the Intel Quartus Prime License Agreement,
the Intel FPGA IP License Agreement, or other applicable license
agreement, including, without limitation, that your use is for
the sole purpose of programming logic devices manufactured by
Intel and sold by Intel or its authorized distributors.  Please
refer to the applicable agreement for further details.



+-----------------------------------------------------------------------------------+
; Flow Summary                                                                      ;
+---------------------------------+-------------------------------------------------+
; Flow Status                     ; Successful - Wed Nov 27 16:43:52 2019           ;
; Quartus Prime Version           ; 18.1.0 Build 625 09/12/2018 SJ Standard Edition ;
; Revision Name                   ; TFT_Oscillo                                     ;
; Top-level Entity Name           ; TFT_Oscillo                                     ;
; Family                          ; Cyclone V                                       ;
; Device                          ; 5CSEMA5F31C6                                    ;
; Timing Models                   ; Final                                           ;
; Logic utilization (in ALMs)     ; 540 / 32,070 ( 2 % )                            ;
; Total registers                 ; 1030                                            ;
; Total pins                      ; 28 / 457 ( 6 % )                                ;
; Total virtual pins              ; 0                                               ;
; Total block memory bits         ; 891,904 / 4,065,280 ( 22 % )                    ;
; Total DSP Blocks                ; 2 / 87 ( 2 % )                                  ;
; Total HSSI RX PCSs              ; 0                                               ;
; Total HSSI PMA RX Deserializers ; 0                                               ;
; Total HSSI TX PCSs              ; 0                                               ;
; Total HSSI PMA TX Serializers   ; 0                                               ;
; Total PLLs                      ; 1 / 6 ( 17 % )                                  ;
; Total DLLs                      ; 0 / 4 ( 0 % )                                   ;
+---------------------------------+-------------------------------------------------+


+-----------------------------------------+
; Flow Settings                           ;
+-------------------+---------------------+
; Option            ; Setting             ;
+-------------------+---------------------+
; Start date & time ; 11/27/2019 16:42:04 ;
; Main task         ; Compilation         ;
; Revision Name     ; TFT_Oscillo         ;
+-------------------+---------------------+


+--------------------------------------------------------------------------------------------------------------------------------------------------------------------------------------------------------------------------------------+
; Flow Non-Default Global Settings                                                                                                                                                                                                     ;
+--------------------------------------+----------------------------------------------------------------------------------------------------------------------------------------------+---------------+-------------+------------------+
; Assignment Name                      ; Value                                                                                                                                        ; Default Value ; Entity Name ; Section Id       ;
+--------------------------------------+----------------------------------------------------------------------------------------------------------------------------------------------+---------------+-------------+------------------+
; COMPILER_SIGNATURE_ID                ; 163580569373715.157484412409672                                                                                                              ; --            ; --          ; --               ;
; EDA_DESIGN_INSTANCE_NAME             ; NA                                                                                                                                           ; --            ; --          ; adc7928_tb       ;
; EDA_DESIGN_INSTANCE_NAME             ; NA                                                                                                                                           ; --            ; --          ; data_process_tb  ;
; EDA_DESIGN_INSTANCE_NAME             ; NA                                                                                                                                           ; --            ; --          ; ram_tb           ;
; EDA_DESIGN_INSTANCE_NAME             ; NA                                                                                                                                           ; --            ; --          ; rise_fall_tb     ;
; EDA_NATIVELINK_SIMULATION_TEST_BENCH ; data_process_tb                                                                                                                              ; --            ; --          ; eda_simulation   ;
; EDA_OUTPUT_DATA_FORMAT               ; Verilog Hdl                                                                                                                                  ; --            ; --          ; eda_simulation   ;
; EDA_SIMULATION_TOOL                  ; ModelSim-Altera (Verilog)                                                                                                                    ; <None>        ; --          ; --               ;
; EDA_TEST_BENCH_ENABLE_STATUS         ; TEST_BENCH_MODE                                                                                                                              ; --            ; --          ; eda_simulation   ;
; EDA_TEST_BENCH_FILE                  ; simulation/adc7928_tb.v                                                                                                                      ; --            ; --          ; adc7928_tb       ;
; EDA_TEST_BENCH_FILE                  ; simulation/data_process_tb.v                                                                                                                 ; --            ; --          ; data_process_tb  ;
; EDA_TEST_BENCH_FILE                  ; simulation/ram_tb.v                                                                                                                          ; --            ; --          ; ram_tb           ;
; EDA_TEST_BENCH_FILE                  ; RAM/ram.v                                                                                                                                    ; --            ; --          ; ram_tb           ;
; EDA_TEST_BENCH_FILE                  ; simulation/rise_fall_tb.v                                                                                                                    ; --            ; --          ; rise_fall_tb     ;
; EDA_TEST_BENCH_MODULE_NAME           ; adc7928_tb                                                                                                                                   ; --            ; --          ; adc7928_tb       ;
; EDA_TEST_BENCH_MODULE_NAME           ; data_process_tb                                                                                                                              ; --            ; --          ; data_process_tb  ;
; EDA_TEST_BENCH_MODULE_NAME           ; ram_tb                                                                                                                                       ; --            ; --          ; ram_tb           ;
; EDA_TEST_BENCH_MODULE_NAME           ; rise_fall_tb                                                                                                                                 ; --            ; --          ; rise_fall_tb     ;
; EDA_TEST_BENCH_NAME                  ; adc7928_tb                                                                                                                                   ; --            ; --          ; eda_simulation   ;
; EDA_TEST_BENCH_NAME                  ; ram_tb                                                                                                                                       ; --            ; --          ; eda_simulation   ;
; EDA_TEST_BENCH_NAME                  ; rise_fall_tb                                                                                                                                 ; --            ; --          ; eda_simulation   ;
; EDA_TEST_BENCH_NAME                  ; data_process_tb                                                                                                                              ; --            ; --          ; eda_simulation   ;
; EDA_TIME_SCALE                       ; 1 ps                                                                                                                                         ; --            ; --          ; eda_simulation   ;
; ENABLE_SIGNALTAP                     ; On                                                                                                                                           ; --            ; --          ; --               ;
; MAX_CORE_JUNCTION_TEMP               ; 85                                                                                                                                           ; --            ; --          ; --               ;
; MIN_CORE_JUNCTION_TEMP               ; 0                                                                                                                                            ; --            ; --          ; --               ;
; MISC_FILE                            ; PLL/pll.cmp                                                                                                                                  ; --            ; --          ; --               ;
; MISC_FILE                            ; PLL/pll_sim/pll.vo                                                                                                                           ; --            ; --          ; --               ;
; MISC_FILE                            ; RAM/ram_bb.v                                                                                                                                 ; --            ; --          ; --               ;
; PARTITION_COLOR                      ; -- (Not supported for targeted family)                                                                                                       ; --            ; --          ; Top              ;
; PARTITION_FITTER_PRESERVATION_LEVEL  ; -- (Not supported for targeted family)                                                                                                       ; --            ; --          ; Top              ;
; PARTITION_NETLIST_TYPE               ; -- (Not supported for targeted family)                                                                                                       ; --            ; --          ; Top              ;
; POWER_BOARD_THERMAL_MODEL            ; None (CONSERVATIVE)                                                                                                                          ; --            ; --          ; --               ;
; POWER_PRESET_COOLING_SOLUTION        ; 23 MM HEAT SINK WITH 200 LFPM AIRFLOW                                                                                                        ; --            ; --          ; --               ;
; PROJECT_OUTPUT_DIRECTORY             ; output_files                                                                                                                                 ; --            ; --          ; --               ;
; SLD_FILE                             ; db/adc_auto_stripped.stp                                                                                                                     ; --            ; --          ; --               ;
; SLD_NODE_CREATOR_ID                  ; 110                                                                                                                                          ; --            ; --          ; auto_signaltap_0 ;
; SLD_NODE_ENTITY_NAME                 ; sld_signaltap                                                                                                                                ; --            ; --          ; auto_signaltap_0 ;
; SLD_NODE_PARAMETER_ASSIGNMENT        ; SLD_RAM_BLOCK_TYPE=AUTO                                                                                                                      ; --            ; --          ; auto_signaltap_0 ;
; SLD_NODE_PARAMETER_ASSIGNMENT        ; SLD_NODE_INFO=805334528                                                                                                                      ; --            ; --          ; auto_signaltap_0 ;
; SLD_NODE_PARAMETER_ASSIGNMENT        ; SLD_POWER_UP_TRIGGER=0                                                                                                                       ; --            ; --          ; auto_signaltap_0 ;
; SLD_NODE_PARAMETER_ASSIGNMENT        ; SLD_STORAGE_QUALIFIER_INVERSION_MASK_LENGTH=0                                                                                                ; --            ; --          ; auto_signaltap_0 ;
; SLD_NODE_PARAMETER_ASSIGNMENT        ; SLD_SEGMENT_SIZE=16384                                                                                                                       ; --            ; --          ; auto_signaltap_0 ;
; SLD_NODE_PARAMETER_ASSIGNMENT        ; SLD_ATTRIBUTE_MEM_MODE=OFF                                                                                                                   ; --            ; --          ; auto_signaltap_0 ;
; SLD_NODE_PARAMETER_ASSIGNMENT        ; SLD_STATE_FLOW_USE_GENERATED=0                                                                                                               ; --            ; --          ; auto_signaltap_0 ;
; SLD_NODE_PARAMETER_ASSIGNMENT        ; SLD_STATE_BITS=11                                                                                                                            ; --            ; --          ; auto_signaltap_0 ;
; SLD_NODE_PARAMETER_ASSIGNMENT        ; SLD_BUFFER_FULL_STOP=1                                                                                                                       ; --            ; --          ; auto_signaltap_0 ;
; SLD_NODE_PARAMETER_ASSIGNMENT        ; SLD_CURRENT_RESOURCE_WIDTH=1                                                                                                                 ; --            ; --          ; auto_signaltap_0 ;
; SLD_NODE_PARAMETER_ASSIGNMENT        ; SLD_INCREMENTAL_ROUTING=1                                                                                                                    ; --            ; --          ; auto_signaltap_0 ;
; SLD_NODE_PARAMETER_ASSIGNMENT        ; SLD_TRIGGER_LEVEL=1                                                                                                                          ; --            ; --          ; auto_signaltap_0 ;
; SLD_NODE_PARAMETER_ASSIGNMENT        ; SLD_SAMPLE_DEPTH=16384                                                                                                                       ; --            ; --          ; auto_signaltap_0 ;
; SLD_NODE_PARAMETER_ASSIGNMENT        ; SLD_TRIGGER_IN_ENABLED=0                                                                                                                     ; --            ; --          ; auto_signaltap_0 ;
; SLD_NODE_PARAMETER_ASSIGNMENT        ; SLD_TRIGGER_PIPELINE=0                                                                                                                       ; --            ; --          ; auto_signaltap_0 ;
; SLD_NODE_PARAMETER_ASSIGNMENT        ; SLD_RAM_PIPELINE=0                                                                                                                           ; --            ; --          ; auto_signaltap_0 ;
; SLD_NODE_PARAMETER_ASSIGNMENT        ; SLD_COUNTER_PIPELINE=0                                                                                                                       ; --            ; --          ; auto_signaltap_0 ;
; SLD_NODE_PARAMETER_ASSIGNMENT        ; SLD_ADVANCED_TRIGGER_ENTITY=basic,1,                                                                                                         ; --            ; --          ; auto_signaltap_0 ;
; SLD_NODE_PARAMETER_ASSIGNMENT        ; SLD_TRIGGER_LEVEL_PIPELINE=1                                                                                                                 ; --            ; --          ; auto_signaltap_0 ;
; SLD_NODE_PARAMETER_ASSIGNMENT        ; SLD_ENABLE_ADVANCED_TRIGGER=0                                                                                                                ; --            ; --          ; auto_signaltap_0 ;
; SLD_NODE_PARAMETER_ASSIGNMENT        ; SLD_DATA_BITS=31                                                                                                                             ; --            ; --          ; auto_signaltap_0 ;
; SLD_NODE_PARAMETER_ASSIGNMENT        ; SLD_TRIGGER_BITS=31                                                                                                                          ; --            ; --          ; auto_signaltap_0 ;
; SLD_NODE_PARAMETER_ASSIGNMENT        ; SLD_STORAGE_QUALIFIER_BITS=31                                                                                                                ; --            ; --          ; auto_signaltap_0 ;
; SLD_NODE_PARAMETER_ASSIGNMENT        ; SLD_INVERSION_MASK=0000000000000000000000000000000000000000000000000000000000000000000000000000000000000000000000000000000000000000000000000 ; --            ; --          ; auto_signaltap_0 ;
; SLD_NODE_PARAMETER_ASSIGNMENT        ; SLD_INVERSION_MASK_LENGTH=121                                                                                                                ; --            ; --          ; auto_signaltap_0 ;
; SPD_FILE                             ; PLL/pll.spd                                                                                                                                  ; --            ; --          ; --               ;
; SYNTHESIS_ONLY_QIP                   ; On                                                                                                                                           ; --            ; --          ; --               ;
; USE_SIGNALTAP_FILE                   ; adc.stp                                                                                                                                      ; --            ; --          ; --               ;
+--------------------------------------+----------------------------------------------------------------------------------------------------------------------------------------------+---------------+-------------+------------------+


+--------------------------------------------------------------------------------------------------------------------------+
; Flow Elapsed Time                                                                                                        ;
+----------------------+--------------+-------------------------+---------------------+------------------------------------+
; Module Name          ; Elapsed Time ; Average Processors Used ; Peak Virtual Memory ; Total CPU Time (on all processors) ;
+----------------------+--------------+-------------------------+---------------------+------------------------------------+
; Analysis & Synthesis ; 00:00:21     ; 1.0                     ; 4934 MB             ; 00:00:37                           ;
; Fitter               ; 00:01:01     ; 1.1                     ; 6992 MB             ; 00:02:51                           ;
; Assembler            ; 00:00:07     ; 1.0                     ; 4875 MB             ; 00:00:07                           ;
; Timing Analyzer      ; 00:00:10     ; 1.6                     ; 5262 MB             ; 00:00:15                           ;
; EDA Netlist Writer   ; 00:00:03     ; 1.0                     ; 4889 MB             ; 00:00:03                           ;
; Total                ; 00:01:42     ; --                      ; --                  ; 00:03:53                           ;
+----------------------+--------------+-------------------------+---------------------+------------------------------------+


+------------------------------------------------------------------------------------+
; Flow OS Summary                                                                    ;
+----------------------+------------------+------------+------------+----------------+
; Module Name          ; Machine Hostname ; OS Name    ; OS Version ; Processor type ;
+----------------------+------------------+------------+------------+----------------+
; Analysis & Synthesis ; DESKTOP-DN0EROL  ; Windows 10 ; 10.0       ; x86_64         ;
; Fitter               ; DESKTOP-DN0EROL  ; Windows 10 ; 10.0       ; x86_64         ;
; Assembler            ; DESKTOP-DN0EROL  ; Windows 10 ; 10.0       ; x86_64         ;
; Timing Analyzer      ; DESKTOP-DN0EROL  ; Windows 10 ; 10.0       ; x86_64         ;
; EDA Netlist Writer   ; DESKTOP-DN0EROL  ; Windows 10 ; 10.0       ; x86_64         ;
+----------------------+------------------+------------+------------+----------------+


------------
; Flow Log ;
------------
quartus_map --read_settings_files=on --write_settings_files=off TFT_Oscillo -c TFT_Oscillo
quartus_fit --read_settings_files=off --write_settings_files=off TFT_Oscillo -c TFT_Oscillo
quartus_asm --read_settings_files=off --write_settings_files=off TFT_Oscillo -c TFT_Oscillo
quartus_sta TFT_Oscillo -c TFT_Oscillo
quartus_eda --read_settings_files=off --write_settings_files=off TFT_Oscillo -c TFT_Oscillo



